Arguments: 
  /home/ricardo/.nvm/versions/node/v12.14.0/bin/node /usr/share/yarn/bin/yarn.js global bin

PATH: 
  /home/ricardo/.nvm/versions/node/v12.14.0/bin:/usr/local/sbin:/usr/local/bin:/usr/sbin:/usr/bin:/sbin:/bin:/usr/games:/usr/local/games:/c/Python39/Scripts/:/c/Python39/:/c/Program Files/Python37/Scripts/:/c/Program Files/Python37/:/c/WINDOWS/system32:/c/WINDOWS:/c/WINDOWS/System32/Wbem:/c/WINDOWS/System32/WindowsPowerShell/v1.0/:/c/Program Files (x86)/Microsoft SQL Server/Client SDK/ODBC/130/Tools/Binn/:/c/Program Files (x86)/Microsoft SQL Server/130/Tools/Binn/:/c/Program Files (x86)/Microsoft SQL Server/130/DTS/Binn/:/c/Program Files (x86)/Microsoft SQL Server/130/Tools/Binn/ManagementStudio/:/c/Program Files/dotnet/:/c/Program Files/Microsoft SQL Server/130/Tools/Binn/:/c/Program Files/Amazon/AWSCLI/:/c/Users/Ricardo.Garcia/.dnx/bin:/c/Program Files/Microsoft DNX/Dnvm/:/c/ProgramData/chocolatey/bin:/c/Program Files/Intel/WiFi/bin/:/c/Program Files/Common Files/Intel/WirelessCommo:/c/Program Files (x86)/WebEx/Productivity Tools:/c/WINDOWS/system32:/c/WINDOWS:/c/WINDOWS/System32/Wbem:/c/WINDOWS/System32/WindowsPowerShell/v1.0/:/c/WINDOWS/System32/OpenSSH/:/c/Program Files/Common Files/Intel/WirelessCommon/:/c/Program Files (x86)/Microsoft SQL Server/150/DTS/Binn/:/c/Program Files/PowerShell/6/:/c/Program Files/Docker/Docker/resources/bin:/c/ProgramData/DockerDesktop/version-bin:/c/Program Files/Azure Data Studio/bin:/c/Program Files (x86)/Yarn/bin/:/c/Users/Ricardo.Garcia/AppData/Roaming/nvm:/c/Program Files/nodejs:/c/Program Files (x86)/Sennheiser/SenncomSDK/:/c/Program Files/Microsoft SQL Server/Client SDK/ODBC/170/Tools/Binn/:/c/Program Files/PuTTY/:/c/Program Files (x86)/GitExtensions/:/c/Program Files/Microsoft SQL Server/150/Tools/Binn/:/c/Program Files/Git/cmd:/c/Program Files (x86)/Intel/Intel(R) Management Engine Components/DAL:/c/Program Files/Intel/Intel(R) Management Engine Components/DAL:/c/Program Files (x86)/dotnet/:/c/Program Files/nodejs/:/c/Users/Ricardo.Garcia/scoop/shims:/c/Users/Ricardo.Garcia/AppData/Local/Microsoft/PowerAppsCLI/:/c/Ruby24-x64/bin:/c/Users/Ricardo.Garcia/AppData/Local/Microsoft/WindowsApps:/c/Program Files/Microsoft VS Code/bin:/c/Users/Ricardo.Garcia/AppData/Local/Programs/Fiddler:/c/Users/Ricardo.Garcia/.dotnet/tools:/c/Users/Ricardo.Garcia/AppData/Roaming/nvm:/c/Program Files/nodejs:/c/Program Files/Intel/WiFi/bin/:/c/Program Files/Common Files/Intel/WirelessCommon/:/c/Program Files/dotnet/:/c/Program Files (x86)/dotnet:/c/Users/Ricardo.Garcia/AppData/Local/Programs/Microsoft VS Code/bin:/c/Users/Ricardo.Garcia/AppData/Local/Yarn/bin:/c/Users/Ricardo.Garcia/AppData/Roaming/npm:/c/Users/Ricardo.Garcia/.dotnet/tools:/c/Users/Ricardo.Garcia/AppData/Local/Microsoft/WindowsApps:/snap/bin:/home/ricardo/.dotnet/tools

Yarn version: 
  1.21.1

Node version: 
  12.14.0

Platform: 
  linux x64

Trace: 
  SyntaxError: /c/Repos/ZZZZ-NonJG/0000-Mio/riga-stock-cron/package.json: Unexpected token } in JSON at position 347
      at JSON.parse (<anonymous>)
      at /usr/share/yarn/lib/cli.js:1625:59
      at Generator.next (<anonymous>)
      at step (/usr/share/yarn/lib/cli.js:310:30)
      at /usr/share/yarn/lib/cli.js:321:13

npm manifest: 
  {
    "name": "riga-stock-cron",
    "version": "1.0.0",
    "description": "Example of creating a function that runs as a cron job using the serverless `schedule` event",
    "author": "",
    "license": "MIT",
    "scripts": {
      "localstack": "docker-compose -f docker-compose.yml up",
      "dev": "serverless offline start --printOutput --stage local",
    },
    "devDependencies": {
      "serverless": "^2.69.1",
      "serverless-python-requirements": "^5.3.0"
    }
  }

yarn manifest: 
  No manifest

Lockfile: 
  No lockfile
